<?xml version="1.0" encoding="UTF-8"?>
<!-- Generated by org.testng.reporters.JUnitXMLReporter -->
<testsuite ignored="0" hostname="Gretos-Asus" failures="1" tests="16" name="Test" time="54.864" errors="0" timestamp="2020-01-17T12:58:43 EET">
  <testcase classname="tests.LoginTest" name="Should_BeAbleToLogin_When_UserNameAndPasswordAreValid" time="0.988"/>
  <testcase classname="tests.LoginTest" name="Should_NotBeAbleToLogin_When_PasswordContainsNewLineCharacters" time="1.337"/>
  <testcase classname="tests.LoginTest" name="Should_NotBeAbleToLogin_When_PasswordContainsSQL" time="0.618"/>
  <testcase classname="tests.LoginTest" name="Should_NotBeAbleToLogin_When_PasswordContainsScript" time="0.703"/>
  <testcase classname="tests.LoginTest" name="Should_NotBeAbleToLogin_When_PasswordContainsSymbols" time="0.634"/>
  <testcase classname="tests.LoginTest" name="Should_NotBeAbleToLogin_When_PasswordIsCrossSiteScripted" time="0.67"/>
  <testcase classname="tests.LoginTest" name="Should_NotBeAbleToLogin_When_PasswordIsEmptyStrings" time="0.651"/>
  <testcase classname="tests.LoginTest" name="Should_NotBeAbleToLogin_When_PasswordIsInvalid" time="0.709"/>
  <testcase classname="tests.LoginTest" name="Should_NotBeAbleToLogin_When_UserNameIsInvalid" time="0.691"/>
  <testcase classname="tests.AddIssueTest" name="Should_BeAbleToAddIssue_When_ProvidingCorrectData" time="12.464">
    <failure type="org.openqa.selenium.NoSuchElementException" message="no such element: Unable to locate element: {&amp;quot;method&amp;quot;:&amp;quot;xpath&amp;quot;,&amp;quot;selector&amp;quot;:&amp;quot;//*[@id=&amp;quot;body&amp;quot;]/table/tbody/tr[2]/td/div/div[2]/table/tbody/tr[2]/td/div[2]&amp;quot;}
  (Session info: chrome=79.0.3945.117)
  (Driver info: chromedriver=79.0.3945.36 (3582db32b33893869b8c1339e8f4d9ed1816f143-refs/branch-heads/3945@{#614}),platform=Windows NT 10.0.18362 x86_64) (WARNING: The server did not provide any stacktrace information)
Command duration or timeout: 10.05 seconds
For documentation on this error, please visit: http://seleniumhq.org/exceptions/no_such_element.html
Build info: version: &amp;apos;2.53.1&amp;apos;, revision: &amp;apos;a36b8b1cd5757287168e54b817830adce9b0158d&amp;apos;, time: &amp;apos;2016-06-30 19:26:09&amp;apos;
System info: host: &amp;apos;Gretos-Asus&amp;apos;, ip: &amp;apos;192.168.237.174&amp;apos;, os.name: &amp;apos;Windows 10&amp;apos;, os.arch: &amp;apos;amd64&amp;apos;, os.version: &amp;apos;10.0&amp;apos;, java.version: &amp;apos;12.0.2&amp;apos;
Driver info: org.openqa.selenium.chrome.ChromeDriver
Capabilities [{mobileEmulationEnabled=false, timeouts={implicit=0, pageLoad=300000, script=30000}, hasTouchScreen=false, platform=XP, acceptSslCerts=false, goog:chromeOptions={debuggerAddress=localhost:62180}, acceptInsecureCerts=false, webStorageEnabled=true, browserName=chrome, takesScreenshot=true, javascriptEnabled=true, setWindowRect=true, unexpectedAlertBehaviour=ignore, applicationCacheEnabled=false, rotatable=false, networkConnectionEnabled=false, chrome={chromedriverVersion=79.0.3945.36 (3582db32b33893869b8c1339e8f4d9ed1816f143-refs/branch-heads/3945@{#614}), userDataDir=C:\Users\Greta\AppData\Local\Temp\scoped_dir12160_1930910790}, takesHeapSnapshot=true, pageLoadStrategy=normal, strictFileInteractability=false, databaseEnabled=false, handlesAlerts=true, version=79.0.3945.117, browserConnectionEnabled=false, proxy={}, nativeEvents=true, locationContextEnabled=true, cssSelectorsEnabled=true}]
Session ID: 9927d41b4b76b05565e5ae7f5ee3c6c6
*** Element info: {Using=xpath, value=//*[@id=&amp;quot;body&amp;quot;]/table/tbody/tr[2]/td/div/div[2]/table/tbody/tr[2]/td/div[2]}">
      <![CDATA[org.openqa.selenium.NoSuchElementException: no such element: Unable to locate element: {"method":"xpath","selector":"//*[@id="body"]/table/tbody/tr[2]/td/div/div[2]/table/tbody/tr[2]/td/div[2]"}
  (Session info: chrome=79.0.3945.117)
  (Driver info: chromedriver=79.0.3945.36 (3582db32b33893869b8c1339e8f4d9ed1816f143-refs/branch-heads/3945@{#614}),platform=Windows NT 10.0.18362 x86_64) (WARNING: The server did not provide any stacktrace information)
Command duration or timeout: 10.05 seconds
For documentation on this error, please visit: http://seleniumhq.org/exceptions/no_such_element.html
Build info: version: '2.53.1', revision: 'a36b8b1cd5757287168e54b817830adce9b0158d', time: '2016-06-30 19:26:09'
System info: host: 'Gretos-Asus', ip: '192.168.237.174', os.name: 'Windows 10', os.arch: 'amd64', os.version: '10.0', java.version: '12.0.2'
Driver info: org.openqa.selenium.chrome.ChromeDriver
Capabilities [{mobileEmulationEnabled=false, timeouts={implicit=0, pageLoad=300000, script=30000}, hasTouchScreen=false, platform=XP, acceptSslCerts=false, goog:chromeOptions={debuggerAddress=localhost:62180}, acceptInsecureCerts=false, webStorageEnabled=true, browserName=chrome, takesScreenshot=true, javascriptEnabled=true, setWindowRect=true, unexpectedAlertBehaviour=ignore, applicationCacheEnabled=false, rotatable=false, networkConnectionEnabled=false, chrome={chromedriverVersion=79.0.3945.36 (3582db32b33893869b8c1339e8f4d9ed1816f143-refs/branch-heads/3945@{#614}), userDataDir=C:\Users\Greta\AppData\Local\Temp\scoped_dir12160_1930910790}, takesHeapSnapshot=true, pageLoadStrategy=normal, strictFileInteractability=false, databaseEnabled=false, handlesAlerts=true, version=79.0.3945.117, browserConnectionEnabled=false, proxy={}, nativeEvents=true, locationContextEnabled=true, cssSelectorsEnabled=true}]
Session ID: 9927d41b4b76b05565e5ae7f5ee3c6c6
*** Element info: {Using=xpath, value=//*[@id="body"]/table/tbody/tr[2]/td/div/div[2]/table/tbody/tr[2]/td/div[2]}
at org.openqa.selenium.remote.ErrorHandler.createThrowable(ErrorHandler.java:206)
at org.openqa.selenium.remote.ErrorHandler.throwIfResponseFailed(ErrorHandler.java:158)
at org.openqa.selenium.remote.RemoteWebDriver.execute(RemoteWebDriver.java:678)
at org.openqa.selenium.remote.RemoteWebDriver.findElement(RemoteWebDriver.java:363)
at org.openqa.selenium.remote.RemoteWebDriver.findElementByXPath(RemoteWebDriver.java:500)
at org.openqa.selenium.By$ByXPath.findElement(By.java:361)
at org.openqa.selenium.remote.RemoteWebDriver.findElement(RemoteWebDriver.java:355)
at org.openqa.selenium.support.pagefactory.DefaultElementLocator.findElement(DefaultElementLocator.java:69)
at org.openqa.selenium.support.pagefactory.internal.LocatingElementHandler.invoke(LocatingElementHandler.java:38)
at com.sun.proxy.$Proxy10.getText(Unknown Source)
at tests.AddIssueTest.Should_BeAbleToAddIssue_When_ProvidingCorrectData(AddIssueTest.java:30)
at java.base/java.util.ArrayList.forEach(ArrayList.java:1540)
... Removed 32 stack frames]]>
    </failure>
  </testcase> <!-- Should_BeAbleToAddIssue_When_ProvidingCorrectData -->
  <testcase classname="tests.AddIssueTest" name="Should_NotBeAbleToAddIssue_When_AssignedToInvalid" time="2.197"/>
  <testcase classname="tests.AddIssueTest" name="Should_NotBeAbleToAddIssue_When_IssueNameIsEmptyString" time="2.145"/>
  <testcase classname="tests.AddIssueTest" name="Should_NotBeAbleToAddIssue_When_IssueNameIsMissing" time="1.614"/>
  <testcase classname="tests.AddIssueTest" name="Should_NotBeAbleToAddIssue_When_ReasonInvalid" time="1.616"/>
  <testcase classname="tests.AddIssueTest" name="Should_NotBeAbleToAddIssue_When_SeverityLevelIsTooHigh" time="2.258"/>
  <testcase classname="tests.AddIssueTest" name="Should_NotBeAbleToAddIssue_When_StatusInvalid" time="1.941"/>
</testsuite> <!-- Test -->
