<html>
<head>
<title>TestNG:  Test</title>
<link href="../testng.css" rel="stylesheet" type="text/css" />
<link href="../my-testng.css" rel="stylesheet" type="text/css" />

<style type="text/css">
.log { display: none;} 
.stack-trace { display: none;} 
</style>
<script type="text/javascript">
<!--
function flip(e) {
  current = e.style.display;
  if (current == 'block') {
    e.style.display = 'none';
    return 0;
  }
  else {
    e.style.display = 'block';
    return 1;
  }
}

function toggleBox(szDivId, elem, msg1, msg2)
{
  var res = -1;  if (document.getElementById) {
    res = flip(document.getElementById(szDivId));
  }
  else if (document.all) {
    // this is the way old msie versions work
    res = flip(document.all[szDivId]);
  }
  if(elem) {
    if(res == 0) elem.innerHTML = msg1; else elem.innerHTML = msg2;
  }

}

function toggleAllBoxes() {
  if (document.getElementsByTagName) {
    d = document.getElementsByTagName('div');
    for (i = 0; i < d.length; i++) {
      if (d[i].className == 'log') {
        flip(d[i]);
      }
    }
  }
}

// -->
</script>

</head>
<body>
<h2 align='center'>Test</h2><table border='1' align="center">
<tr>
<td>Tests passed/Failed/Skipped:</td><td>15/1/0</td>
</tr><tr>
<td>Started on:</td><td>Fri Jan 17 12:57:48 EET 2020</td>
</tr>
<tr><td>Total time:</td><td>54 seconds (54864 ms)</td>
</tr><tr>
<td>Included groups:</td><td></td>
</tr><tr>
<td>Excluded groups:</td><td></td>
</tr>
</table><p/>
<small><i>(Hover the method name to see the test class name)</i></small><p/>
<table width='100%' border='1' class='invocation-failed'>
<tr><td colspan='4' align='center'><b>FAILED TESTS</b></td></tr>
<tr><td><b>Test method</b></td>
<td width="30%"><b>Exception</b></td>
<td width="10%"><b>Time (seconds)</b></td>
<td><b>Instance</b></td>
</tr>
<tr>
<td title='tests.AddIssueTest.Should_BeAbleToAddIssue_When_ProvidingCorrectData()'><b>Should_BeAbleToAddIssue_When_ProvidingCorrectData</b><br>Test class: tests.AddIssueTest</td>
<td><div><pre>org.openqa.selenium.NoSuchElementException: no such element: Unable to locate element: {&quot;method&quot;:&quot;xpath&quot;,&quot;selector&quot;:&quot;//*[@id=&quot;body&quot;]/table/tbody/tr[2]/td/div/div[2]/table/tbody/tr[2]/td/div[2]&quot;}
  (Session info: chrome=79.0.3945.117)
  (Driver info: chromedriver=79.0.3945.36 (3582db32b33893869b8c1339e8f4d9ed1816f143-refs/branch-heads/3945@{#614}),platform=Windows NT 10.0.18362 x86_64) (WARNING: The server did not provide any stacktrace information)
Command duration or timeout: 10.05 seconds
For documentation on this error, please visit: http://seleniumhq.org/exceptions/no_such_element.html
Build info: version: &apos;2.53.1&apos;, revision: &apos;a36b8b1cd5757287168e54b817830adce9b0158d&apos;, time: &apos;2016-06-30 19:26:09&apos;
System info: host: &apos;Gretos-Asus&apos;, ip: &apos;192.168.237.174&apos;, os.name: &apos;Windows 10&apos;, os.arch: &apos;amd64&apos;, os.version: &apos;10.0&apos;, java.version: &apos;12.0.2&apos;
Driver info: org.openqa.selenium.chrome.ChromeDriver
Capabilities [{mobileEmulationEnabled=false, timeouts={implicit=0, pageLoad=300000, script=30000}, hasTouchScreen=false, platform=XP, acceptSslCerts=false, goog:chromeOptions={debuggerAddress=localhost:62180}, acceptInsecureCerts=false, webStorageEnabled=true, browserName=chrome, takesScreenshot=true, javascriptEnabled=true, setWindowRect=true, unexpectedAlertBehaviour=ignore, applicationCacheEnabled=false, rotatable=false, networkConnectionEnabled=false, chrome={chromedriverVersion=79.0.3945.36 (3582db32b33893869b8c1339e8f4d9ed1816f143-refs/branch-heads/3945@{#614}), userDataDir=C:\Users\Greta\AppData\Local\Temp\scoped_dir12160_1930910790}, takesHeapSnapshot=true, pageLoadStrategy=normal, strictFileInteractability=false, databaseEnabled=false, handlesAlerts=true, version=79.0.3945.117, browserConnectionEnabled=false, proxy={}, nativeEvents=true, locationContextEnabled=true, cssSelectorsEnabled=true}]
Session ID: 9927d41b4b76b05565e5ae7f5ee3c6c6
*** Element info: {Using=xpath, value=//*[@id=&quot;body&quot;]/table/tbody/tr[2]/td/div/div[2]/table/tbody/tr[2]/td/div[2]}
	at org.openqa.selenium.remote.ErrorHandler.createThrowable(ErrorHandler.java:206)
	at org.openqa.selenium.remote.ErrorHandler.throwIfResponseFailed(ErrorHandler.java:158)
	at org.openqa.selenium.remote.RemoteWebDriver.execute(RemoteWebDriver.java:678)
	at org.openqa.selenium.remote.RemoteWebDriver.findElement(RemoteWebDriver.java:363)
	at org.openqa.selenium.remote.RemoteWebDriver.findElementByXPath(RemoteWebDriver.java:500)
	at org.openqa.selenium.By$ByXPath.findElement(By.java:361)
	at org.openqa.selenium.remote.RemoteWebDriver.findElement(RemoteWebDriver.java:355)
	at org.openqa.selenium.support.pagefactory.DefaultElementLocator.findElement(DefaultElementLocator.java:69)
	at org.openqa.selenium.support.pagefactory.internal.LocatingElementHandler.invoke(LocatingElementHandler.java:38)
	at com.sun.proxy.$Proxy10.getText(Unknown Source)
	at tests.AddIssueTest.Should_BeAbleToAddIssue_When_ProvidingCorrectData(AddIssueTest.java:30)
	at java.base/java.util.ArrayList.forEach(ArrayList.java:1540)
... Removed 32 stack frames</pre></div><a href='#' onClick='toggleBox("stack-trace35068320", this, "Click to show all stack frames", "Click to hide stack frames")'>Click to show all stack frames</a>
<div class='stack-trace' id='stack-trace35068320'><pre>org.openqa.selenium.NoSuchElementException: no such element: Unable to locate element: {&quot;method&quot;:&quot;xpath&quot;,&quot;selector&quot;:&quot;//*[@id=&quot;body&quot;]/table/tbody/tr[2]/td/div/div[2]/table/tbody/tr[2]/td/div[2]&quot;}
  (Session info: chrome=79.0.3945.117)
  (Driver info: chromedriver=79.0.3945.36 (3582db32b33893869b8c1339e8f4d9ed1816f143-refs/branch-heads/3945@{#614}),platform=Windows NT 10.0.18362 x86_64) (WARNING: The server did not provide any stacktrace information)
Command duration or timeout: 10.05 seconds
For documentation on this error, please visit: http://seleniumhq.org/exceptions/no_such_element.html
Build info: version: &apos;2.53.1&apos;, revision: &apos;a36b8b1cd5757287168e54b817830adce9b0158d&apos;, time: &apos;2016-06-30 19:26:09&apos;
System info: host: &apos;Gretos-Asus&apos;, ip: &apos;192.168.237.174&apos;, os.name: &apos;Windows 10&apos;, os.arch: &apos;amd64&apos;, os.version: &apos;10.0&apos;, java.version: &apos;12.0.2&apos;
Driver info: org.openqa.selenium.chrome.ChromeDriver
Capabilities [{mobileEmulationEnabled=false, timeouts={implicit=0, pageLoad=300000, script=30000}, hasTouchScreen=false, platform=XP, acceptSslCerts=false, goog:chromeOptions={debuggerAddress=localhost:62180}, acceptInsecureCerts=false, webStorageEnabled=true, browserName=chrome, takesScreenshot=true, javascriptEnabled=true, setWindowRect=true, unexpectedAlertBehaviour=ignore, applicationCacheEnabled=false, rotatable=false, networkConnectionEnabled=false, chrome={chromedriverVersion=79.0.3945.36 (3582db32b33893869b8c1339e8f4d9ed1816f143-refs/branch-heads/3945@{#614}), userDataDir=C:\Users\Greta\AppData\Local\Temp\scoped_dir12160_1930910790}, takesHeapSnapshot=true, pageLoadStrategy=normal, strictFileInteractability=false, databaseEnabled=false, handlesAlerts=true, version=79.0.3945.117, browserConnectionEnabled=false, proxy={}, nativeEvents=true, locationContextEnabled=true, cssSelectorsEnabled=true}]
Session ID: 9927d41b4b76b05565e5ae7f5ee3c6c6
*** Element info: {Using=xpath, value=//*[@id=&quot;body&quot;]/table/tbody/tr[2]/td/div/div[2]/table/tbody/tr[2]/td/div[2]}
	at java.base/jdk.internal.reflect.NativeConstructorAccessorImpl.newInstance0(Native Method)
	at java.base/jdk.internal.reflect.NativeConstructorAccessorImpl.newInstance(NativeConstructorAccessorImpl.java:62)
	at java.base/jdk.internal.reflect.DelegatingConstructorAccessorImpl.newInstance(DelegatingConstructorAccessorImpl.java:45)
	at java.base/java.lang.reflect.Constructor.newInstanceWithCaller(Constructor.java:500)
	at java.base/java.lang.reflect.Constructor.newInstance(Constructor.java:481)
	at org.openqa.selenium.remote.ErrorHandler.createThrowable(ErrorHandler.java:206)
	at org.openqa.selenium.remote.ErrorHandler.throwIfResponseFailed(ErrorHandler.java:158)
	at org.openqa.selenium.remote.RemoteWebDriver.execute(RemoteWebDriver.java:678)
	at org.openqa.selenium.remote.RemoteWebDriver.findElement(RemoteWebDriver.java:363)
	at org.openqa.selenium.remote.RemoteWebDriver.findElementByXPath(RemoteWebDriver.java:500)
	at org.openqa.selenium.By$ByXPath.findElement(By.java:361)
	at org.openqa.selenium.remote.RemoteWebDriver.findElement(RemoteWebDriver.java:355)
	at org.openqa.selenium.support.pagefactory.DefaultElementLocator.findElement(DefaultElementLocator.java:69)
	at org.openqa.selenium.support.pagefactory.internal.LocatingElementHandler.invoke(LocatingElementHandler.java:38)
	at com.sun.proxy.$Proxy10.getText(Unknown Source)
	at tests.AddIssueTest.Should_BeAbleToAddIssue_When_ProvidingCorrectData(AddIssueTest.java:30)
	at java.base/jdk.internal.reflect.NativeMethodAccessorImpl.invoke0(Native Method)
	at java.base/jdk.internal.reflect.NativeMethodAccessorImpl.invoke(NativeMethodAccessorImpl.java:62)
	at java.base/jdk.internal.reflect.DelegatingMethodAccessorImpl.invoke(DelegatingMethodAccessorImpl.java:43)
	at java.base/java.lang.reflect.Method.invoke(Method.java:567)
	at org.testng.internal.MethodInvocationHelper.invokeMethod(MethodInvocationHelper.java:133)
	at org.testng.internal.TestInvoker.invokeMethod(TestInvoker.java:584)
	at org.testng.internal.TestInvoker.invokeTestMethod(TestInvoker.java:172)
	at org.testng.internal.MethodRunner.runInSequence(MethodRunner.java:46)
	at org.testng.internal.TestInvoker$MethodInvocationAgent.invoke(TestInvoker.java:804)
	at org.testng.internal.TestInvoker.invokeTestMethods(TestInvoker.java:145)
	at org.testng.internal.TestMethodWorker.invokeTestMethods(TestMethodWorker.java:146)
	at org.testng.internal.TestMethodWorker.run(TestMethodWorker.java:128)
	at java.base/java.util.ArrayList.forEach(ArrayList.java:1540)
	at org.testng.TestRunner.privateRun(TestRunner.java:770)
	at org.testng.TestRunner.run(TestRunner.java:591)
	at org.testng.SuiteRunner.runTest(SuiteRunner.java:402)
	at org.testng.SuiteRunner.runSequentially(SuiteRunner.java:396)
	at org.testng.SuiteRunner.privateRun(SuiteRunner.java:355)
	at org.testng.SuiteRunner.run(SuiteRunner.java:304)
	at org.testng.SuiteRunnerWorker.runSuite(SuiteRunnerWorker.java:53)
	at org.testng.SuiteRunnerWorker.run(SuiteRunnerWorker.java:96)
	at org.testng.TestNG.runSuitesSequentially(TestNG.java:1180)
	at org.testng.TestNG.runSuitesLocally(TestNG.java:1102)
	at org.testng.TestNG.runSuites(TestNG.java:1032)
	at org.testng.TestNG.run(TestNG.java:1000)
	at org.testng.remote.AbstractRemoteTestNG.run(AbstractRemoteTestNG.java:115)
	at org.testng.remote.RemoteTestNG.initAndRun(RemoteTestNG.java:251)
	at org.testng.remote.RemoteTestNG.main(RemoteTestNG.java:77)
</pre></div></td>
<td>12</td>
<td>tests.AddIssueTest@7e07db1f</td></tr>
</table><p>
<table width='100%' border='1' class='invocation-passed'>
<tr><td colspan='4' align='center'><b>PASSED TESTS</b></td></tr>
<tr><td><b>Test method</b></td>
<td width="30%"><b>Exception</b></td>
<td width="10%"><b>Time (seconds)</b></td>
<td><b>Instance</b></td>
</tr>
<tr>
<td title='tests.LoginTest.Should_BeAbleToLogin_When_UserNameAndPasswordAreValid()'><b>Should_BeAbleToLogin_When_UserNameAndPasswordAreValid</b><br>Test class: tests.LoginTest</td>
<td></td>
<td>0</td>
<td>tests.LoginTest@35cabb2a</td></tr>
<tr>
<td title='tests.AddIssueTest.Should_NotBeAbleToAddIssue_When_AssignedToInvalid()'><b>Should_NotBeAbleToAddIssue_When_AssignedToInvalid</b><br>Test class: tests.AddIssueTest</td>
<td></td>
<td>2</td>
<td>tests.AddIssueTest@7e07db1f</td></tr>
<tr>
<td title='tests.AddIssueTest.Should_NotBeAbleToAddIssue_When_IssueNameIsEmptyString()'><b>Should_NotBeAbleToAddIssue_When_IssueNameIsEmptyString</b><br>Test class: tests.AddIssueTest</td>
<td></td>
<td>2</td>
<td>tests.AddIssueTest@7e07db1f</td></tr>
<tr>
<td title='tests.AddIssueTest.Should_NotBeAbleToAddIssue_When_IssueNameIsMissing()'><b>Should_NotBeAbleToAddIssue_When_IssueNameIsMissing</b><br>Test class: tests.AddIssueTest</td>
<td></td>
<td>1</td>
<td>tests.AddIssueTest@7e07db1f</td></tr>
<tr>
<td title='tests.AddIssueTest.Should_NotBeAbleToAddIssue_When_ReasonInvalid()'><b>Should_NotBeAbleToAddIssue_When_ReasonInvalid</b><br>Test class: tests.AddIssueTest</td>
<td></td>
<td>1</td>
<td>tests.AddIssueTest@7e07db1f</td></tr>
<tr>
<td title='tests.AddIssueTest.Should_NotBeAbleToAddIssue_When_SeverityLevelIsTooHigh()'><b>Should_NotBeAbleToAddIssue_When_SeverityLevelIsTooHigh</b><br>Test class: tests.AddIssueTest</td>
<td></td>
<td>2</td>
<td>tests.AddIssueTest@7e07db1f</td></tr>
<tr>
<td title='tests.AddIssueTest.Should_NotBeAbleToAddIssue_When_StatusInvalid()'><b>Should_NotBeAbleToAddIssue_When_StatusInvalid</b><br>Test class: tests.AddIssueTest</td>
<td></td>
<td>1</td>
<td>tests.AddIssueTest@7e07db1f</td></tr>
<tr>
<td title='tests.LoginTest.Should_NotBeAbleToLogin_When_PasswordContainsNewLineCharacters()'><b>Should_NotBeAbleToLogin_When_PasswordContainsNewLineCharacters</b><br>Test class: tests.LoginTest</td>
<td></td>
<td>1</td>
<td>tests.LoginTest@35cabb2a</td></tr>
<tr>
<td title='tests.LoginTest.Should_NotBeAbleToLogin_When_PasswordContainsSQL()'><b>Should_NotBeAbleToLogin_When_PasswordContainsSQL</b><br>Test class: tests.LoginTest</td>
<td></td>
<td>0</td>
<td>tests.LoginTest@35cabb2a</td></tr>
<tr>
<td title='tests.LoginTest.Should_NotBeAbleToLogin_When_PasswordContainsScript()'><b>Should_NotBeAbleToLogin_When_PasswordContainsScript</b><br>Test class: tests.LoginTest</td>
<td></td>
<td>0</td>
<td>tests.LoginTest@35cabb2a</td></tr>
<tr>
<td title='tests.LoginTest.Should_NotBeAbleToLogin_When_PasswordContainsSymbols()'><b>Should_NotBeAbleToLogin_When_PasswordContainsSymbols</b><br>Test class: tests.LoginTest</td>
<td></td>
<td>0</td>
<td>tests.LoginTest@35cabb2a</td></tr>
<tr>
<td title='tests.LoginTest.Should_NotBeAbleToLogin_When_PasswordIsCrossSiteScripted()'><b>Should_NotBeAbleToLogin_When_PasswordIsCrossSiteScripted</b><br>Test class: tests.LoginTest</td>
<td></td>
<td>0</td>
<td>tests.LoginTest@35cabb2a</td></tr>
<tr>
<td title='tests.LoginTest.Should_NotBeAbleToLogin_When_PasswordIsEmptyStrings()'><b>Should_NotBeAbleToLogin_When_PasswordIsEmptyStrings</b><br>Test class: tests.LoginTest</td>
<td></td>
<td>0</td>
<td>tests.LoginTest@35cabb2a</td></tr>
<tr>
<td title='tests.LoginTest.Should_NotBeAbleToLogin_When_PasswordIsInvalid()'><b>Should_NotBeAbleToLogin_When_PasswordIsInvalid</b><br>Test class: tests.LoginTest</td>
<td></td>
<td>0</td>
<td>tests.LoginTest@35cabb2a</td></tr>
<tr>
<td title='tests.LoginTest.Should_NotBeAbleToLogin_When_UserNameIsInvalid()'><b>Should_NotBeAbleToLogin_When_UserNameIsInvalid</b><br>Test class: tests.LoginTest</td>
<td></td>
<td>0</td>
<td>tests.LoginTest@35cabb2a</td></tr>
</table><p>
</body>
</html>